 ﻿i2528_hungphan‣FOOD: 82.00
FOOD.cpp
"C:\Program Files (x86)\Themis\gcc\bin\g++.exe" -std=c++14 "FOOD.cpp" -pipe -O2 -s -static -lm -x c++ -o"FOOD.exe" -Wl,--stack,66060288|@WorkDir=C:\ProgramData\ThemisWorkSpace\WaitRoom30863\
Dịch thành công.

i2528_hungphan‣FOOD‣Test01: 0.00
Thời gian ≈ 0.033650800 giây
Kết quả KHÁC đáp án!
i2528_hungphan‣FOOD‣Test02: 2.00
Thời gian ≈ 0.033303400 giây
Kết quả khớp đáp án!
i2528_hungphan‣FOOD‣Test03: 2.00
Thời gian ≈ 0.032974200 giây
Kết quả khớp đáp án!
i2528_hungphan‣FOOD‣Test04: 2.00
Thời gian ≈ 0.033787200 giây
Kết quả khớp đáp án!
i2528_hungphan‣FOOD‣Test05: 2.00
Thời gian ≈ 0.029655500 giây
Kết quả khớp đáp án!
i2528_hungphan‣FOOD‣Test06: 0.00
Thời gian ≈ 0.099694400 giây
Kết quả KHÁC đáp án!
i2528_hungphan‣FOOD‣Test07: 2.00
Thời gian ≈ 0.086094100 giây
Kết quả khớp đáp án!
i2528_hungphan‣FOOD‣Test08: 2.00
Thời gian ≈ 0.071531500 giây
Kết quả khớp đáp án!
i2528_hungphan‣FOOD‣Test09: 0.00
Thời gian ≈ 0.087195500 giây
Kết quả KHÁC đáp án!
i2528_hungphan‣FOOD‣Test10: 2.00
Thời gian ≈ 0.075860900 giây
Kết quả khớp đáp án!
i2528_hungphan‣FOOD‣Test11: 2.00
Thời gian ≈ 0.071893600 giây
Kết quả khớp đáp án!
i2528_hungphan‣FOOD‣Test12: 2.00
Thời gian ≈ 0.070652100 giây
Kết quả khớp đáp án!
i2528_hungphan‣FOOD‣Test13: 2.00
Thời gian ≈ 0.076270600 giây
Kết quả khớp đáp án!
i2528_hungphan‣FOOD‣Test14: 2.00
Thời gian ≈ 0.071123300 giây
Kết quả khớp đáp án!
i2528_hungphan‣FOOD‣Test15: 2.00
Thời gian ≈ 0.070201800 giây
Kết quả khớp đáp án!
i2528_hungphan‣FOOD‣Test16: 0.00
Thời gian ≈ 0.071070100 giây
Kết quả KHÁC đáp án!
i2528_hungphan‣FOOD‣Test17: 0.00
Thời gian ≈ 0.078248600 giây
Kết quả KHÁC đáp án!
i2528_hungphan‣FOOD‣Test18: 0.00
Thời gian ≈ 0.076195800 giây
Kết quả KHÁC đáp án!
i2528_hungphan‣FOOD‣Test19: 0.00
Thời gian ≈ 0.069828000 giây
Kết quả KHÁC đáp án!
i2528_hungphan‣FOOD‣Test20: 0.00
Thời gian ≈ 0.072465000 giây
Kết quả KHÁC đáp án!
i2528_hungphan‣FOOD‣Test21: 2.00
Thời gian ≈ 0.061474200 giây
Kết quả khớp đáp án!
i2528_hungphan‣FOOD‣Test22: 2.00
Thời gian ≈ 0.061738600 giây
Kết quả khớp đáp án!
i2528_hungphan‣FOOD‣Test23: 2.00
Thời gian ≈ 0.080732300 giây
Kết quả khớp đáp án!
i2528_hungphan‣FOOD‣Test24: 2.00
Thời gian ≈ 0.074234600 giây
Kết quả khớp đáp án!
i2528_hungphan‣FOOD‣Test25: 2.00
Thời gian ≈ 0.098001100 giây
Kết quả khớp đáp án!
i2528_hungphan‣FOOD‣Test26: 2.00
Thời gian ≈ 0.061847900 giây
Kết quả khớp đáp án!
i2528_hungphan‣FOOD‣Test27: 2.00
Thời gian ≈ 0.070258000 giây
Kết quả khớp đáp án!
i2528_hungphan‣FOOD‣Test28: 2.00
Thời gian ≈ 0.078965500 giây
Kết quả khớp đáp án!
i2528_hungphan‣FOOD‣Test29: 2.00
Thời gian ≈ 0.077918700 giây
Kết quả khớp đáp án!
i2528_hungphan‣FOOD‣Test30: 2.00
Thời gian ≈ 0.072608100 giây
Kết quả khớp đáp án!
i2528_hungphan‣FOOD‣Test31: 2.00
Thời gian ≈ 0.067101400 giây
Kết quả khớp đáp án!
i2528_hungphan‣FOOD‣Test32: 2.00
Thời gian ≈ 0.069688400 giây
Kết quả khớp đáp án!
i2528_hungphan‣FOOD‣Test33: 2.00
Thời gian ≈ 0.082935100 giây
Kết quả khớp đáp án!
i2528_hungphan‣FOOD‣Test34: 2.00
Thời gian ≈ 0.126675500 giây
Kết quả khớp đáp án!
i2528_hungphan‣FOOD‣Test35: 2.00
Thời gian ≈ 0.066989100 giây
Kết quả khớp đáp án!
i2528_hungphan‣FOOD‣Test36: 2.00
Thời gian ≈ 0.081833400 giây
Kết quả khớp đáp án!
i2528_hungphan‣FOOD‣Test37: 2.00
Thời gian ≈ 0.052566300 giây
Kết quả khớp đáp án!
i2528_hungphan‣FOOD‣Test38: 2.00
Thời gian ≈ 0.071197000 giây
Kết quả khớp đáp án!
i2528_hungphan‣FOOD‣Test39: 2.00
Thời gian ≈ 0.085197800 giây
Kết quả khớp đáp án!
i2528_hungphan‣FOOD‣Test40: 2.00
Thời gian ≈ 0.079073200 giây
Kết quả khớp đáp án!
i2528_hungphan‣FOOD‣Test41: 2.00
Thời gian ≈ 0.072407200 giây
Kết quả khớp đáp án!
i2528_hungphan‣FOOD‣Test42: 2.00
Thời gian ≈ 0.073599400 giây
Kết quả khớp đáp án!
i2528_hungphan‣FOOD‣Test43: 2.00
Thời gian ≈ 0.065394900 giây
Kết quả khớp đáp án!
i2528_hungphan‣FOOD‣Test44: 2.00
Thời gian ≈ 0.060556400 giây
Kết quả khớp đáp án!
i2528_hungphan‣FOOD‣Test45: 2.00
Thời gian ≈ 0.061804800 giây
Kết quả khớp đáp án!
i2528_hungphan‣FOOD‣Test46: 2.00
Thời gian ≈ 0.068033900 giây
Kết quả khớp đáp án!
i2528_hungphan‣FOOD‣Test47: 2.00
Thời gian ≈ 0.052086200 giây
Kết quả khớp đáp án!
i2528_hungphan‣FOOD‣Test48: 2.00
Thời gian ≈ 0.076096500 giây
Kết quả khớp đáp án!
i2528_hungphan‣FOOD‣Test49: 2.00
Thời gian ≈ 0.097749600 giây
Kết quả khớp đáp án!
i2528_hungphan‣FOOD‣Test50: 0.00
Thời gian ≈ 0.079163200 giây
Kết quả KHÁC đáp án!
