 ﻿i2528_hungphan‣FOOD: 12.00
FOOD.cpp
"C:\Program Files (x86)\Themis\gcc\bin\g++.exe" -std=c++14 "FOOD.cpp" -pipe -O2 -s -static -lm -x c++ -o"FOOD.exe" -Wl,--stack,66060288|@WorkDir=C:\ProgramData\ThemisWorkSpace\WaitRoom61111\
Dịch thành công.

i2528_hungphan‣FOOD‣Test01: 0.00
Thời gian ≈ 0.031195400 giây
Kết quả KHÁC đáp án!
i2528_hungphan‣FOOD‣Test02: 2.00
Thời gian ≈ 0.029981900 giây
Kết quả khớp đáp án!
i2528_hungphan‣FOOD‣Test03: 2.00
Thời gian ≈ 0.029965500 giây
Kết quả khớp đáp án!
i2528_hungphan‣FOOD‣Test04: 2.00
Thời gian ≈ 0.030810100 giây
Kết quả khớp đáp án!
i2528_hungphan‣FOOD‣Test05: 2.00
Thời gian ≈ 0.035006100 giây
Kết quả khớp đáp án!
i2528_hungphan‣FOOD‣Test06: 0.00
Thời gian ≈ 0.095511800 giây
Kết quả KHÁC đáp án!
i2528_hungphan‣FOOD‣Test07: 2.00
Thời gian ≈ 0.082851100 giây
Kết quả khớp đáp án!
i2528_hungphan‣FOOD‣Test08: 2.00
Thời gian ≈ 0.075622000 giây
Kết quả khớp đáp án!
i2528_hungphan‣FOOD‣Test09: 0.00
Thời gian ≈ 0.092968400 giây
Kết quả KHÁC đáp án!
i2528_hungphan‣FOOD‣Test10: 0.00
Thời gian ≈ 0.074396200 giây
Kết quả KHÁC đáp án!
i2528_hungphan‣FOOD‣Test11: 0.00
Thời gian ≈ 0.075364900 giây
Kết quả KHÁC đáp án!
i2528_hungphan‣FOOD‣Test12: 0.00
Thời gian ≈ 0.074783100 giây
Kết quả KHÁC đáp án!
i2528_hungphan‣FOOD‣Test13: 0.00
Thời gian ≈ 0.071168900 giây
Kết quả KHÁC đáp án!
i2528_hungphan‣FOOD‣Test14: 0.00
Thời gian ≈ 0.073773800 giây
Kết quả KHÁC đáp án!
i2528_hungphan‣FOOD‣Test15: 0.00
Thời gian ≈ 0.076468100 giây
Kết quả KHÁC đáp án!
i2528_hungphan‣FOOD‣Test16: 0.00
Thời gian ≈ 0.076579000 giây
Kết quả KHÁC đáp án!
i2528_hungphan‣FOOD‣Test17: 0.00
Thời gian ≈ 0.075238100 giây
Kết quả KHÁC đáp án!
i2528_hungphan‣FOOD‣Test18: 0.00
Thời gian ≈ 0.076757600 giây
Kết quả KHÁC đáp án!
i2528_hungphan‣FOOD‣Test19: 0.00
Thời gian ≈ 0.076030900 giây
Kết quả KHÁC đáp án!
i2528_hungphan‣FOOD‣Test20: 0.00
Thời gian ≈ 0.077147400 giây
Kết quả KHÁC đáp án!
i2528_hungphan‣FOOD‣Test21: 0.00
Thời gian ≈ 0.071833800 giây
Kết quả KHÁC đáp án!
i2528_hungphan‣FOOD‣Test22: 0.00
Thời gian ≈ 0.092546300 giây
Kết quả KHÁC đáp án!
i2528_hungphan‣FOOD‣Test23: 0.00
Thời gian ≈ 0.075484100 giây
Kết quả KHÁC đáp án!
i2528_hungphan‣FOOD‣Test24: 0.00
Thời gian ≈ 0.073302300 giây
Kết quả KHÁC đáp án!
i2528_hungphan‣FOOD‣Test25: 0.00
Thời gian ≈ 0.101829000 giây
Kết quả KHÁC đáp án!
i2528_hungphan‣FOOD‣Test26: 0.00
Thời gian ≈ 0.074935300 giây
Kết quả KHÁC đáp án!
i2528_hungphan‣FOOD‣Test27: 0.00
Thời gian ≈ 0.068029400 giây
Kết quả KHÁC đáp án!
i2528_hungphan‣FOOD‣Test28: 0.00
Thời gian ≈ 0.092451000 giây
Kết quả KHÁC đáp án!
i2528_hungphan‣FOOD‣Test29: 0.00
Thời gian ≈ 0.077699200 giây
Kết quả KHÁC đáp án!
i2528_hungphan‣FOOD‣Test30: 0.00
Thời gian ≈ 0.079954200 giây
Kết quả KHÁC đáp án!
i2528_hungphan‣FOOD‣Test31: 0.00
Thời gian ≈ 0.058805000 giây
Kết quả KHÁC đáp án!
i2528_hungphan‣FOOD‣Test32: 0.00
Thời gian ≈ 0.066763200 giây
Kết quả KHÁC đáp án!
i2528_hungphan‣FOOD‣Test33: 0.00
Thời gian ≈ 0.083122100 giây
Kết quả KHÁC đáp án!
i2528_hungphan‣FOOD‣Test34: 0.00
Thời gian ≈ 0.077542700 giây
Kết quả KHÁC đáp án!
i2528_hungphan‣FOOD‣Test35: 0.00
Thời gian ≈ 0.059179800 giây
Kết quả KHÁC đáp án!
i2528_hungphan‣FOOD‣Test36: 0.00
Thời gian ≈ 0.074680400 giây
Kết quả KHÁC đáp án!
i2528_hungphan‣FOOD‣Test37: 0.00
Thời gian ≈ 0.057473400 giây
Kết quả KHÁC đáp án!
i2528_hungphan‣FOOD‣Test38: 0.00
Thời gian ≈ 0.078429300 giây
Kết quả KHÁC đáp án!
i2528_hungphan‣FOOD‣Test39: 0.00
Thời gian ≈ 0.072356200 giây
Kết quả KHÁC đáp án!
i2528_hungphan‣FOOD‣Test40: 0.00
Thời gian ≈ 0.081269100 giây
Kết quả KHÁC đáp án!
i2528_hungphan‣FOOD‣Test41: 0.00
Thời gian ≈ 0.074402000 giây
Kết quả KHÁC đáp án!
i2528_hungphan‣FOOD‣Test42: 0.00
Thời gian ≈ 0.074776600 giây
Kết quả KHÁC đáp án!
i2528_hungphan‣FOOD‣Test43: 0.00
Thời gian ≈ 0.065115100 giây
Kết quả KHÁC đáp án!
i2528_hungphan‣FOOD‣Test44: 0.00
Thời gian ≈ 0.061613600 giây
Kết quả KHÁC đáp án!
i2528_hungphan‣FOOD‣Test45: 0.00
Thời gian ≈ 0.059917700 giây
Kết quả KHÁC đáp án!
i2528_hungphan‣FOOD‣Test46: 0.00
Thời gian ≈ 0.074940900 giây
Kết quả KHÁC đáp án!
i2528_hungphan‣FOOD‣Test47: 0.00
Thời gian ≈ 0.056833200 giây
Kết quả KHÁC đáp án!
i2528_hungphan‣FOOD‣Test48: 0.00
Thời gian ≈ 0.070392100 giây
Kết quả KHÁC đáp án!
i2528_hungphan‣FOOD‣Test49: 0.00
Thời gian ≈ 0.055136700 giây
Kết quả KHÁC đáp án!
i2528_hungphan‣FOOD‣Test50: 0.00
Thời gian ≈ 0.081423200 giây
Kết quả KHÁC đáp án!
