 ﻿i2528_hungphan‣FOOD: 100.00
FOOD.cpp
"C:\Program Files (x86)\Themis\gcc\bin\g++.exe" -std=c++14 "FOOD.cpp" -pipe -O2 -s -static -lm -x c++ -o"FOOD.exe" -Wl,--stack,66060288|@WorkDir=C:\ProgramData\ThemisWorkSpace\WaitRoom411\
Dịch thành công.

i2528_hungphan‣FOOD‣Test01: 2.00
Thời gian ≈ 0.036589600 giây
Kết quả khớp đáp án!
i2528_hungphan‣FOOD‣Test02: 2.00
Thời gian ≈ 0.029837000 giây
Kết quả khớp đáp án!
i2528_hungphan‣FOOD‣Test03: 2.00
Thời gian ≈ 0.035989800 giây
Kết quả khớp đáp án!
i2528_hungphan‣FOOD‣Test04: 2.00
Thời gian ≈ 0.030309700 giây
Kết quả khớp đáp án!
i2528_hungphan‣FOOD‣Test05: 2.00
Thời gian ≈ 0.030736400 giây
Kết quả khớp đáp án!
i2528_hungphan‣FOOD‣Test06: 2.00
Thời gian ≈ 0.083757200 giây
Kết quả khớp đáp án!
i2528_hungphan‣FOOD‣Test07: 2.00
Thời gian ≈ 0.088424100 giây
Kết quả khớp đáp án!
i2528_hungphan‣FOOD‣Test08: 2.00
Thời gian ≈ 0.074115600 giây
Kết quả khớp đáp án!
i2528_hungphan‣FOOD‣Test09: 2.00
Thời gian ≈ 0.083731300 giây
Kết quả khớp đáp án!
i2528_hungphan‣FOOD‣Test10: 2.00
Thời gian ≈ 0.075775400 giây
Kết quả khớp đáp án!
i2528_hungphan‣FOOD‣Test11: 2.00
Thời gian ≈ 0.071175200 giây
Kết quả khớp đáp án!
i2528_hungphan‣FOOD‣Test12: 2.00
Thời gian ≈ 0.071892000 giây
Kết quả khớp đáp án!
i2528_hungphan‣FOOD‣Test13: 2.00
Thời gian ≈ 0.070859800 giây
Kết quả khớp đáp án!
i2528_hungphan‣FOOD‣Test14: 2.00
Thời gian ≈ 0.073111300 giây
Kết quả khớp đáp án!
i2528_hungphan‣FOOD‣Test15: 2.00
Thời gian ≈ 0.072271200 giây
Kết quả khớp đáp án!
i2528_hungphan‣FOOD‣Test16: 2.00
Thời gian ≈ 0.070879500 giây
Kết quả khớp đáp án!
i2528_hungphan‣FOOD‣Test17: 2.00
Thời gian ≈ 0.069479300 giây
Kết quả khớp đáp án!
i2528_hungphan‣FOOD‣Test18: 2.00
Thời gian ≈ 0.072345200 giây
Kết quả khớp đáp án!
i2528_hungphan‣FOOD‣Test19: 2.00
Thời gian ≈ 0.063142600 giây
Kết quả khớp đáp án!
i2528_hungphan‣FOOD‣Test20: 2.00
Thời gian ≈ 0.070650700 giây
Kết quả khớp đáp án!
i2528_hungphan‣FOOD‣Test21: 2.00
Thời gian ≈ 0.061719900 giây
Kết quả khớp đáp án!
i2528_hungphan‣FOOD‣Test22: 2.00
Thời gian ≈ 0.068853900 giây
Kết quả khớp đáp án!
i2528_hungphan‣FOOD‣Test23: 2.00
Thời gian ≈ 0.078052700 giây
Kết quả khớp đáp án!
i2528_hungphan‣FOOD‣Test24: 2.00
Thời gian ≈ 0.071421300 giây
Kết quả khớp đáp án!
i2528_hungphan‣FOOD‣Test25: 2.00
Thời gian ≈ 0.101693300 giây
Kết quả khớp đáp án!
i2528_hungphan‣FOOD‣Test26: 2.00
Thời gian ≈ 0.057275000 giây
Kết quả khớp đáp án!
i2528_hungphan‣FOOD‣Test27: 2.00
Thời gian ≈ 0.071922800 giây
Kết quả khớp đáp án!
i2528_hungphan‣FOOD‣Test28: 2.00
Thời gian ≈ 0.079022900 giây
Kết quả khớp đáp án!
i2528_hungphan‣FOOD‣Test29: 2.00
Thời gian ≈ 0.066973900 giây
Kết quả khớp đáp án!
i2528_hungphan‣FOOD‣Test30: 2.00
Thời gian ≈ 0.066597200 giây
Kết quả khớp đáp án!
i2528_hungphan‣FOOD‣Test31: 2.00
Thời gian ≈ 0.059442700 giây
Kết quả khớp đáp án!
i2528_hungphan‣FOOD‣Test32: 2.00
Thời gian ≈ 0.068591300 giây
Kết quả khớp đáp án!
i2528_hungphan‣FOOD‣Test33: 2.00
Thời gian ≈ 0.076119300 giây
Kết quả khớp đáp án!
i2528_hungphan‣FOOD‣Test34: 2.00
Thời gian ≈ 0.127469900 giây
Kết quả khớp đáp án!
i2528_hungphan‣FOOD‣Test35: 2.00
Thời gian ≈ 0.073092800 giây
Kết quả khớp đáp án!
i2528_hungphan‣FOOD‣Test36: 2.00
Thời gian ≈ 0.077322300 giây
Kết quả khớp đáp án!
i2528_hungphan‣FOOD‣Test37: 2.00
Thời gian ≈ 0.036228300 giây
Kết quả khớp đáp án!
i2528_hungphan‣FOOD‣Test38: 2.00
Thời gian ≈ 0.063981300 giây
Kết quả khớp đáp án!
i2528_hungphan‣FOOD‣Test39: 2.00
Thời gian ≈ 0.081196200 giây
Kết quả khớp đáp án!
i2528_hungphan‣FOOD‣Test40: 2.00
Thời gian ≈ 0.082195800 giây
Kết quả khớp đáp án!
i2528_hungphan‣FOOD‣Test41: 2.00
Thời gian ≈ 0.074658500 giây
Kết quả khớp đáp án!
i2528_hungphan‣FOOD‣Test42: 2.00
Thời gian ≈ 0.070257900 giây
Kết quả khớp đáp án!
i2528_hungphan‣FOOD‣Test43: 2.00
Thời gian ≈ 0.061499700 giây
Kết quả khớp đáp án!
i2528_hungphan‣FOOD‣Test44: 2.00
Thời gian ≈ 0.067918700 giây
Kết quả khớp đáp án!
i2528_hungphan‣FOOD‣Test45: 2.00
Thời gian ≈ 0.058051000 giây
Kết quả khớp đáp án!
i2528_hungphan‣FOOD‣Test46: 2.00
Thời gian ≈ 0.069935300 giây
Kết quả khớp đáp án!
i2528_hungphan‣FOOD‣Test47: 2.00
Thời gian ≈ 0.055434900 giây
Kết quả khớp đáp án!
i2528_hungphan‣FOOD‣Test48: 2.00
Thời gian ≈ 0.078679400 giây
Kết quả khớp đáp án!
i2528_hungphan‣FOOD‣Test49: 2.00
Thời gian ≈ 0.068280100 giây
Kết quả khớp đáp án!
i2528_hungphan‣FOOD‣Test50: 2.00
Thời gian ≈ 0.071675600 giây
Kết quả khớp đáp án!
